[2022-09-27 16:17:05.817] [exthost] [info] Extension host with pid 6189 started
[2022-09-27 16:17:05.817] [exthost] [info] Skipping acquiring lock for /home/masi/.config/Code/User/workspaceStorage/c9e64b72c9344f2a6e2fed6050c6d7fd.
[2022-09-27 16:17:06.140] [exthost] [info] ExtensionService#_doActivateExtension vscode.microsoft-authentication, startup: false, activationEvent: 'onAuthenticationRequest:microsoft'
[2022-09-27 16:17:06.202] [exthost] [info] ExtensionService#_doActivateExtension vscode.debug-auto-launch, startup: true, activationEvent: '*'
[2022-09-27 16:17:06.205] [exthost] [info] ExtensionService#_doActivateExtension vscode.git-base, startup: true, activationEvent: '*'
[2022-09-27 16:17:06.212] [exthost] [info] ExtensionService#_doActivateExtension vscode.ipynb, startup: true, activationEvent: '*'
[2022-09-27 16:17:06.330] [exthost] [info] ExtensionService#_doActivateExtension vscode.github, startup: true, activationEvent: '*'
[2022-09-27 16:17:06.362] [exthost] [info] Eager extensions activated
[2022-09-27 16:17:06.368] [exthost] [info] ExtensionService#_doActivateExtension vscode.emmet, startup: false, activationEvent: 'onStartupFinished'
[2022-09-27 16:17:06.396] [exthost] [info] ExtensionService#_doActivateExtension vscode.merge-conflict, startup: false, activationEvent: 'onStartupFinished'
[2022-09-27 16:17:06.454] [exthost] [info] ExtensionService#_doActivateExtension vscode.github-authentication, startup: false, activationEvent: 'onAuthenticationRequest:github'
[2022-09-27 16:17:08.286] [exthost] [info] ExtensionService#_doActivateExtension vscode.git, startup: false, activationEvent: 'api', root cause: vscode.github
[2022-09-27 16:17:09.350] [exthost] [warning] [Decorations] CAPPING events from decorations provider vscode.git 3594
[2022-09-27 16:17:12.904] [exthost] [warning] [Decorations] CAPPING events from decorations provider vscode.git 3597
[2022-09-27 16:17:15.269] [exthost] [info] ExtensionService#_doActivateExtension vscode.extension-editing, startup: false, activationEvent: 'onLanguage:markdown'
[2022-09-27 16:17:15.416] [exthost] [info] ExtensionService#_doActivateExtension vscode.markdown-language-features, startup: false, activationEvent: 'onLanguage:markdown'
[2022-09-27 16:17:16.069] [exthost] [info] ExtensionService#_doActivateExtension vscode.markdown-math, startup: false, activationEvent: 'api', root cause: vscode.markdown-language-features
[2022-09-27 16:17:26.923] [exthost] [warning] [Decorations] CAPPING events from decorations provider vscode.git 3609
[2022-09-27 16:17:33.612] [exthost] [warning] [Decorations] CAPPING events from decorations provider vscode.git 3611
[2022-09-27 16:17:39.646] [exthost] [warning] [Decorations] CAPPING events from decorations provider vscode.git 3611
[2022-09-27 16:17:45.065] [exthost] [warning] [Decorations] CAPPING events from decorations provider vscode.git 3608
[2022-09-27 16:28:21.056] [exthost] [warning] [Decorations] CAPPING events from decorations provider vscode.git 3613
[2022-09-27 16:28:23.102] [exthost] [info] ExtensionService#_doActivateExtension vscode.html-language-features, startup: false, activationEvent: 'onLanguage:html'
[2022-09-27 16:28:27.923] [exthost] [warning] [Decorations] CAPPING events from decorations provider vscode.git 3613
[2022-09-27 16:28:38.775] [exthost] [info] ExtensionService#_doActivateExtension vscode.configuration-editing, startup: false, activationEvent: 'onLanguage:json'
[2022-09-27 16:28:38.815] [exthost] [info] ExtensionService#_doActivateExtension vscode.json-language-features, startup: false, activationEvent: 'onLanguage:json'
[2022-09-27 16:28:39.075] [exthost] [info] ExtensionService#_doActivateExtension vscode.npm, startup: false, activationEvent: 'onLanguage:json'
[2022-09-27 16:28:39.833] [exthost] [warning] [Decorations] CAPPING events from decorations provider vscode.git 3615
[2022-09-27 16:29:28.619] [exthost] [warning] [Decorations] CAPPING events from decorations provider vscode.git 3627
[2022-09-27 16:29:34.660] [exthost] [warning] [Decorations] CAPPING events from decorations provider vscode.git 3627
[2022-09-27 16:29:38.884] [exthost] [info] Extension host terminating: received terminate message from renderer
[2022-09-27 16:29:38.938] [exthost] [info] Extension host with pid 6189 exiting with code 0
