[2022-09-27T11:01:35.270Z] Log level: Info
[2022-09-27T11:01:35.318Z] [info] Validating found git in: git
[2022-09-27T11:01:35.419Z] [info] Using git 2.25.1 from git
[2022-09-27T11:01:35.583Z] > git rev-parse --show-toplevel [55ms]
[2022-09-27T11:01:35.622Z] > git rev-parse --git-dir --git-common-dir [24ms]
[2022-09-27T11:01:35.631Z] [info] Open repository: /home/masi
[2022-09-27T11:01:35.714Z] > git status -z -uall [64ms]
[2022-09-27T11:01:35.730Z] > git symbolic-ref --short HEAD [5ms]
[2022-09-27T11:01:35.741Z] > git for-each-ref --format=%(refname)%00%(upstream:short)%00%(objectname)%00%(upstream:track)%00%(upstream:remotename)%00%(upstream:remoteref) refs/heads/master refs/remotes/master [3ms]
[2022-09-27T11:01:35.769Z] > git for-each-ref --sort -committerdate --format %(refname) %(objectname) %(*objectname) [16ms]
[2022-09-27T11:01:35.774Z] > git remote --verbose [7ms]
[2022-09-27T11:01:37.597Z] > git config --get commit.template [317ms]
[2022-09-27T11:01:37.782Z] > git status -z -uall [159ms]
[2022-09-27T11:01:37.803Z] > git symbolic-ref --short HEAD [6ms]
[2022-09-27T11:01:38.079Z] > git show --textconv :Dendron/notes/areas.PowerBI.md [231ms]
[2022-09-27T11:01:38.086Z] > git ls-files --stage -- /home/masi/Dendron/notes/areas.PowerBI.md [198ms]
[2022-09-27T11:01:38.087Z] > git for-each-ref --format=%(refname)%00%(upstream:short)%00%(objectname)%00%(upstream:track)%00%(upstream:remotename)%00%(upstream:remoteref) refs/heads/master refs/remotes/master [270ms]
[2022-09-27T11:01:38.147Z] > git remote --verbose [25ms]
[2022-09-27T11:01:38.147Z] > git for-each-ref --sort -committerdate --format %(refname) %(objectname) %(*objectname) [48ms]
[2022-09-27T11:01:39.808Z] > git check-ignore -v -z --stdin [1665ms]
[2022-09-27T11:01:39.838Z] > git config --get commit.template [181ms]
[2022-09-27T11:01:40.227Z] > git check-ignore -v -z --stdin [3ms]
[2022-09-27T11:01:49.175Z] > git status -z -uall [51ms]
[2022-09-27T11:01:49.188Z] > git symbolic-ref --short HEAD [3ms]
[2022-09-27T11:01:49.203Z] > git for-each-ref --format=%(refname)%00%(upstream:short)%00%(objectname)%00%(upstream:track)%00%(upstream:remotename)%00%(upstream:remoteref) refs/heads/master refs/remotes/master [3ms]
[2022-09-27T11:01:49.227Z] > git for-each-ref --sort -committerdate --format %(refname) %(objectname) %(*objectname) [15ms]
[2022-09-27T11:01:49.230Z] > git remote --verbose [4ms]
[2022-09-27T11:01:50.601Z] > git config --get commit.template [1256ms]
[2022-09-27T11:01:51.102Z] > git check-ignore -v -z --stdin [5ms]
[2022-09-27T11:01:55.647Z] > git status -z -uall [34ms]
[2022-09-27T11:01:55.662Z] > git symbolic-ref --short HEAD [2ms]
[2022-09-27T11:01:55.678Z] > git for-each-ref --format=%(refname)%00%(upstream:short)%00%(objectname)%00%(upstream:track)%00%(upstream:remotename)%00%(upstream:remoteref) refs/heads/master refs/remotes/master [4ms]
[2022-09-27T11:01:55.704Z] > git for-each-ref --sort -committerdate --format %(refname) %(objectname) %(*objectname) [12ms]
[2022-09-27T11:01:55.706Z] > git remote --verbose [4ms]
[2022-09-27T11:01:56.739Z] > git config --get commit.template [911ms]
[2022-09-27T11:01:57.275Z] > git check-ignore -v -z --stdin [4ms]
[2022-09-27T11:03:37.636Z] > git status -z -uall [46ms]
[2022-09-27T11:03:37.654Z] > git symbolic-ref --short HEAD [2ms]
[2022-09-27T11:03:37.665Z] > git for-each-ref --format=%(refname)%00%(upstream:short)%00%(objectname)%00%(upstream:track)%00%(upstream:remotename)%00%(upstream:remoteref) refs/heads/master refs/remotes/master [2ms]
[2022-09-27T11:03:37.688Z] > git remote --verbose [2ms]
[2022-09-27T11:03:37.688Z] > git for-each-ref --sort -committerdate --format %(refname) %(objectname) %(*objectname) [17ms]
[2022-09-27T11:03:39.019Z] > git config --get commit.template [25ms]
[2022-09-27T11:03:44.069Z] > git status -z -uall [34ms]
[2022-09-27T11:03:44.085Z] > git symbolic-ref --short HEAD [3ms]
[2022-09-27T11:03:44.102Z] > git for-each-ref --format=%(refname)%00%(upstream:short)%00%(objectname)%00%(upstream:track)%00%(upstream:remotename)%00%(upstream:remoteref) refs/heads/master refs/remotes/master [3ms]
[2022-09-27T11:03:44.126Z] > git for-each-ref --sort -committerdate --format %(refname) %(objectname) %(*objectname) [14ms]
[2022-09-27T11:03:44.128Z] > git remote --verbose [4ms]
[2022-09-27T11:03:44.236Z] > git config --get commit.template [15ms]
[2022-09-27T11:03:49.289Z] > git status -z -uall [37ms]
[2022-09-27T11:03:49.312Z] > git symbolic-ref --short HEAD [7ms]
[2022-09-27T11:03:49.330Z] > git for-each-ref --format=%(refname)%00%(upstream:short)%00%(objectname)%00%(upstream:track)%00%(upstream:remotename)%00%(upstream:remoteref) refs/heads/master refs/remotes/master [3ms]
[2022-09-27T11:03:49.361Z] > git for-each-ref --sort -committerdate --format %(refname) %(objectname) %(*objectname) [17ms]
[2022-09-27T11:03:49.366Z] > git remote --verbose [6ms]
[2022-09-27T11:03:50.237Z] > git config --get commit.template [15ms]
[2022-09-27T11:04:01.587Z] > git status -z -uall [95ms]
[2022-09-27T11:04:01.624Z] > git symbolic-ref --short HEAD [3ms]
[2022-09-27T11:04:01.642Z] > git for-each-ref --format=%(refname)%00%(upstream:short)%00%(objectname)%00%(upstream:track)%00%(upstream:remotename)%00%(upstream:remoteref) refs/heads/master refs/remotes/master [2ms]
[2022-09-27T11:04:01.681Z] > git for-each-ref --sort -committerdate --format %(refname) %(objectname) %(*objectname) [19ms]
[2022-09-27T11:04:01.689Z] > git remote --verbose [9ms]
[2022-09-27T11:04:02.938Z] > git config --get commit.template [43ms]
[2022-09-27T11:04:07.977Z] > git status -z -uall [26ms]
[2022-09-27T11:04:07.989Z] > git symbolic-ref --short HEAD [2ms]
[2022-09-27T11:04:07.999Z] > git for-each-ref --format=%(refname)%00%(upstream:short)%00%(objectname)%00%(upstream:track)%00%(upstream:remotename)%00%(upstream:remoteref) refs/heads/master refs/remotes/master [1ms]
[2022-09-27T11:04:08.018Z] > git remote --verbose [2ms]
[2022-09-27T11:04:08.018Z] > git for-each-ref --sort -committerdate --format %(refname) %(objectname) %(*objectname) [11ms]
[2022-09-27T11:04:08.108Z] > git config --get commit.template [22ms]
[2022-09-27T11:04:08.109Z] > git check-ignore -v -z --stdin [5ms]
[2022-09-27T11:04:10.591Z] > git check-ignore -v -z --stdin [4ms]
[2022-09-27T11:04:11.809Z] > git check-ignore -v -z --stdin [3ms]
[2022-09-27T11:04:13.147Z] > git status -z -uall [27ms]
[2022-09-27T11:04:13.161Z] > git symbolic-ref --short HEAD [2ms]
[2022-09-27T11:04:13.173Z] > git for-each-ref --format=%(refname)%00%(upstream:short)%00%(objectname)%00%(upstream:track)%00%(upstream:remotename)%00%(upstream:remoteref) refs/heads/master refs/remotes/master [1ms]
[2022-09-27T11:04:13.196Z] > git remote --verbose [2ms]
[2022-09-27T11:04:13.196Z] > git for-each-ref --sort -committerdate --format %(refname) %(objectname) %(*objectname) [12ms]
[2022-09-27T11:04:13.322Z] > git config --get commit.template [23ms]
[2022-09-27T11:04:15.399Z] > git show --textconv :Dendron/.next/.gitignore [14ms]
[2022-09-27T11:04:15.408Z] > git ls-files --stage -- /home/masi/Dendron/.next/.gitignore [10ms]
[2022-09-27T11:04:18.368Z] > git status -z -uall [34ms]
[2022-09-27T11:04:18.380Z] > git symbolic-ref --short HEAD [2ms]
[2022-09-27T11:04:18.392Z] > git for-each-ref --format=%(refname)%00%(upstream:short)%00%(objectname)%00%(upstream:track)%00%(upstream:remotename)%00%(upstream:remoteref) refs/heads/master refs/remotes/master [2ms]
[2022-09-27T11:04:18.414Z] > git for-each-ref --sort -committerdate --format %(refname) %(objectname) %(*objectname) [12ms]
[2022-09-27T11:04:18.415Z] > git remote --verbose [3ms]
[2022-09-27T11:04:18.515Z] > git config --get commit.template [4ms]
[2022-09-27T11:04:23.558Z] > git status -z -uall [29ms]
[2022-09-27T11:04:23.570Z] > git symbolic-ref --short HEAD [1ms]
[2022-09-27T11:04:23.581Z] > git for-each-ref --format=%(refname)%00%(upstream:short)%00%(objectname)%00%(upstream:track)%00%(upstream:remotename)%00%(upstream:remoteref) refs/heads/master refs/remotes/master [1ms]
[2022-09-27T11:04:23.601Z] > git for-each-ref --sort -committerdate --format %(refname) %(objectname) %(*objectname) [10ms]
[2022-09-27T11:04:23.602Z] > git remote --verbose [2ms]
[2022-09-27T11:04:23.684Z] > git config --get commit.template [12ms]
[2022-09-27T11:04:28.752Z] > git status -z -uall [36ms]
[2022-09-27T11:04:28.779Z] > git symbolic-ref --short HEAD [9ms]
[2022-09-27T11:04:28.795Z] > git for-each-ref --format=%(refname)%00%(upstream:short)%00%(objectname)%00%(upstream:track)%00%(upstream:remotename)%00%(upstream:remoteref) refs/heads/master refs/remotes/master [1ms]
[2022-09-27T11:04:28.823Z] > git for-each-ref --sort -committerdate --format %(refname) %(objectname) %(*objectname) [13ms]
[2022-09-27T11:04:28.824Z] > git remote --verbose [3ms]
[2022-09-27T11:04:28.891Z] > git config --get commit.template [4ms]
[2022-09-27T11:04:29.606Z] > git check-ignore -v -z --stdin [28ms]
[2022-09-27T11:04:33.934Z] > git status -z -uall [29ms]
[2022-09-27T11:04:33.950Z] > git symbolic-ref --short HEAD [3ms]
[2022-09-27T11:04:33.964Z] > git for-each-ref --format=%(refname)%00%(upstream:short)%00%(objectname)%00%(upstream:track)%00%(upstream:remotename)%00%(upstream:remoteref) refs/heads/master refs/remotes/master [1ms]
[2022-09-27T11:04:33.991Z] > git for-each-ref --sort -committerdate --format %(refname) %(objectname) %(*objectname) [16ms]
[2022-09-27T11:04:33.991Z] > git remote --verbose [1ms]
[2022-09-27T11:04:34.087Z] > git config --get commit.template [14ms]
[2022-09-27T11:04:39.163Z] > git status -z -uall [53ms]
[2022-09-27T11:04:39.208Z] > git symbolic-ref --short HEAD [15ms]
[2022-09-27T11:04:39.225Z] > git for-each-ref --format=%(refname)%00%(upstream:short)%00%(objectname)%00%(upstream:track)%00%(upstream:remotename)%00%(upstream:remoteref) refs/heads/master refs/remotes/master [2ms]
[2022-09-27T11:04:39.270Z] > git for-each-ref --sort -committerdate --format %(refname) %(objectname) %(*objectname) [32ms]
[2022-09-27T11:04:39.273Z] > git remote --verbose [5ms]
[2022-09-27T11:04:39.355Z] > git config --get commit.template [5ms]
[2022-09-27T11:04:44.398Z] > git status -z -uall [30ms]
[2022-09-27T11:04:44.418Z] > git symbolic-ref --short HEAD [2ms]
[2022-09-27T11:04:44.436Z] > git for-each-ref --format=%(refname)%00%(upstream:short)%00%(objectname)%00%(upstream:track)%00%(upstream:remotename)%00%(upstream:remoteref) refs/heads/master refs/remotes/master [3ms]
[2022-09-27T11:04:44.479Z] > git remote --verbose [7ms]
[2022-09-27T11:04:44.479Z] > git for-each-ref --sort -committerdate --format %(refname) %(objectname) %(*objectname) [17ms]
[2022-09-27T11:04:44.577Z] > git config --get commit.template [14ms]
[2022-09-27T11:04:49.622Z] > git status -z -uall [30ms]
[2022-09-27T11:04:49.643Z] > git symbolic-ref --short HEAD [2ms]
[2022-09-27T11:04:49.662Z] > git for-each-ref --format=%(refname)%00%(upstream:short)%00%(objectname)%00%(upstream:track)%00%(upstream:remotename)%00%(upstream:remoteref) refs/heads/master refs/remotes/master [3ms]
[2022-09-27T11:04:49.699Z] > git for-each-ref --sort -committerdate --format %(refname) %(objectname) %(*objectname) [19ms]
[2022-09-27T11:04:49.703Z] > git remote --verbose [5ms]
[2022-09-27T11:04:49.801Z] > git config --get commit.template [11ms]
[2022-09-27T11:05:37.910Z] > git status -z -uall [54ms]
[2022-09-27T11:05:37.923Z] > git symbolic-ref --short HEAD [3ms]
[2022-09-27T11:05:37.936Z] > git for-each-ref --format=%(refname)%00%(upstream:short)%00%(objectname)%00%(upstream:track)%00%(upstream:remotename)%00%(upstream:remoteref) refs/heads/master refs/remotes/master [5ms]
[2022-09-27T11:05:37.959Z] > git for-each-ref --sort -committerdate --format %(refname) %(objectname) %(*objectname) [12ms]
[2022-09-27T11:05:37.960Z] > git remote --verbose [2ms]
[2022-09-27T11:05:38.068Z] > git config --get commit.template [12ms]
[2022-09-27T11:05:40.141Z] > git check-ignore -v -z --stdin [2ms]
[2022-09-27T11:05:43.115Z] > git status -z -uall [33ms]
[2022-09-27T11:05:43.133Z] > git symbolic-ref --short HEAD [2ms]
[2022-09-27T11:05:43.149Z] > git for-each-ref --format=%(refname)%00%(upstream:short)%00%(objectname)%00%(upstream:track)%00%(upstream:remotename)%00%(upstream:remoteref) refs/heads/master refs/remotes/master [1ms]
[2022-09-27T11:05:43.178Z] > git for-each-ref --sort -committerdate --format %(refname) %(objectname) %(*objectname) [15ms]
[2022-09-27T11:05:43.181Z] > git remote --verbose [5ms]
[2022-09-27T11:05:43.266Z] > git config --get commit.template [4ms]
[2022-09-27T11:05:48.321Z] > git status -z -uall [43ms]
[2022-09-27T11:05:48.337Z] > git symbolic-ref --short HEAD [3ms]
[2022-09-27T11:05:48.352Z] > git for-each-ref --format=%(refname)%00%(upstream:short)%00%(objectname)%00%(upstream:track)%00%(upstream:remotename)%00%(upstream:remoteref) refs/heads/master refs/remotes/master [2ms]
[2022-09-27T11:05:48.376Z] > git for-each-ref --sort -committerdate --format %(refname) %(objectname) %(*objectname) [12ms]
[2022-09-27T11:05:48.377Z] > git remote --verbose [2ms]
[2022-09-27T11:05:48.471Z] > git config --get commit.template [13ms]
[2022-09-27T11:05:53.515Z] > git status -z -uall [30ms]
[2022-09-27T11:05:53.532Z] > git symbolic-ref --short HEAD [2ms]
[2022-09-27T11:05:53.550Z] > git for-each-ref --format=%(refname)%00%(upstream:short)%00%(objectname)%00%(upstream:track)%00%(upstream:remotename)%00%(upstream:remoteref) refs/heads/master refs/remotes/master [2ms]
[2022-09-27T11:05:53.581Z] > git for-each-ref --sort -committerdate --format %(refname) %(objectname) %(*objectname) [16ms]
[2022-09-27T11:05:53.582Z] > git remote --verbose [3ms]
[2022-09-27T11:05:53.660Z] > git config --get commit.template [4ms]
[2022-09-27T11:05:58.707Z] > git status -z -uall [35ms]
[2022-09-27T11:05:58.724Z] > git symbolic-ref --short HEAD [2ms]
[2022-09-27T11:05:58.737Z] > git for-each-ref --format=%(refname)%00%(upstream:short)%00%(objectname)%00%(upstream:track)%00%(upstream:remotename)%00%(upstream:remoteref) refs/heads/master refs/remotes/master [1ms]
[2022-09-27T11:05:58.767Z] > git for-each-ref --sort -committerdate --format %(refname) %(objectname) %(*objectname) [16ms]
[2022-09-27T11:05:58.767Z] > git remote --verbose [2ms]
[2022-09-27T11:05:58.861Z] > git config --get commit.template [10ms]
[2022-09-27T11:06:03.912Z] > git status -z -uall [37ms]
[2022-09-27T11:06:03.929Z] > git symbolic-ref --short HEAD [1ms]
[2022-09-27T11:06:03.946Z] > git for-each-ref --format=%(refname)%00%(upstream:short)%00%(objectname)%00%(upstream:track)%00%(upstream:remotename)%00%(upstream:remoteref) refs/heads/master refs/remotes/master [1ms]
[2022-09-27T11:06:03.977Z] > git for-each-ref --sort -committerdate --format %(refname) %(objectname) %(*objectname) [16ms]
[2022-09-27T11:06:03.977Z] > git remote --verbose [1ms]
[2022-09-27T11:06:04.060Z] > git config --get commit.template [5ms]
[2022-09-27T11:06:09.110Z] > git status -z -uall [39ms]
[2022-09-27T11:06:09.127Z] > git symbolic-ref --short HEAD [1ms]
[2022-09-27T11:06:09.143Z] > git for-each-ref --format=%(refname)%00%(upstream:short)%00%(objectname)%00%(upstream:track)%00%(upstream:remotename)%00%(upstream:remoteref) refs/heads/master refs/remotes/master [2ms]
[2022-09-27T11:06:09.170Z] > git for-each-ref --sort -committerdate --format %(refname) %(objectname) %(*objectname) [11ms]
[2022-09-27T11:06:09.173Z] > git remote --verbose [5ms]
[2022-09-27T11:06:09.261Z] > git config --get commit.template [12ms]
[2022-09-27T11:06:14.307Z] > git status -z -uall [33ms]
[2022-09-27T11:06:14.324Z] > git symbolic-ref --short HEAD [2ms]
[2022-09-27T11:06:14.339Z] > git for-each-ref --format=%(refname)%00%(upstream:short)%00%(objectname)%00%(upstream:track)%00%(upstream:remotename)%00%(upstream:remoteref) refs/heads/master refs/remotes/master [1ms]
[2022-09-27T11:06:14.369Z] > git for-each-ref --sort -committerdate --format %(refname) %(objectname) %(*objectname) [15ms]
[2022-09-27T11:06:14.369Z] > git remote --verbose [1ms]
[2022-09-27T11:06:14.467Z] > git config --get commit.template [11ms]
[2022-09-27T11:06:19.514Z] > git status -z -uall [35ms]
[2022-09-27T11:06:19.530Z] > git symbolic-ref --short HEAD [3ms]
[2022-09-27T11:06:19.544Z] > git for-each-ref --format=%(refname)%00%(upstream:short)%00%(objectname)%00%(upstream:track)%00%(upstream:remotename)%00%(upstream:remoteref) refs/heads/master refs/remotes/master [3ms]
[2022-09-27T11:06:19.569Z] > git for-each-ref --sort -committerdate --format %(refname) %(objectname) %(*objectname) [11ms]
[2022-09-27T11:06:19.573Z] > git remote --verbose [6ms]
[2022-09-27T11:06:19.660Z] > git config --get commit.template [13ms]
[2022-09-27T11:06:24.706Z] > git status -z -uall [33ms]
[2022-09-27T11:06:24.722Z] > git symbolic-ref --short HEAD [2ms]
[2022-09-27T11:06:24.737Z] > git for-each-ref --format=%(refname)%00%(upstream:short)%00%(objectname)%00%(upstream:track)%00%(upstream:remotename)%00%(upstream:remoteref) refs/heads/master refs/remotes/master [1ms]
[2022-09-27T11:06:24.769Z] > git for-each-ref --sort -committerdate --format %(refname) %(objectname) %(*objectname) [17ms]
[2022-09-27T11:06:24.770Z] > git remote --verbose [2ms]
[2022-09-27T11:06:24.853Z] > git config --get commit.template [4ms]
[2022-09-27T11:06:29.896Z] > git status -z -uall [32ms]
[2022-09-27T11:06:29.913Z] > git symbolic-ref --short HEAD [2ms]
[2022-09-27T11:06:29.928Z] > git for-each-ref --format=%(refname)%00%(upstream:short)%00%(objectname)%00%(upstream:track)%00%(upstream:remotename)%00%(upstream:remoteref) refs/heads/master refs/remotes/master [2ms]
[2022-09-27T11:06:29.956Z] > git for-each-ref --sort -committerdate --format %(refname) %(objectname) %(*objectname) [14ms]
[2022-09-27T11:06:29.957Z] > git remote --verbose [2ms]
[2022-09-27T11:06:30.044Z] > git config --get commit.template [10ms]
[2022-09-27T11:06:35.095Z] > git status -z -uall [37ms]
[2022-09-27T11:06:35.113Z] > git symbolic-ref --short HEAD [2ms]
[2022-09-27T11:06:35.131Z] > git for-each-ref --format=%(refname)%00%(upstream:short)%00%(objectname)%00%(upstream:track)%00%(upstream:remotename)%00%(upstream:remoteref) refs/heads/master refs/remotes/master [1ms]
[2022-09-27T11:06:35.163Z] > git for-each-ref --sort -committerdate --format %(refname) %(objectname) %(*objectname) [17ms]
[2022-09-27T11:06:35.163Z] > git remote --verbose [2ms]
[2022-09-27T11:06:35.247Z] > git config --get commit.template [5ms]
[2022-09-27T11:06:40.292Z] > git status -z -uall [32ms]
[2022-09-27T11:06:40.307Z] > git symbolic-ref --short HEAD [2ms]
[2022-09-27T11:06:40.323Z] > git for-each-ref --format=%(refname)%00%(upstream:short)%00%(objectname)%00%(upstream:track)%00%(upstream:remotename)%00%(upstream:remoteref) refs/heads/master refs/remotes/master [1ms]
[2022-09-27T11:06:40.352Z] > git for-each-ref --sort -committerdate --format %(refname) %(objectname) %(*objectname) [15ms]
[2022-09-27T11:06:40.352Z] > git remote --verbose [1ms]
[2022-09-27T11:06:40.454Z] > git config --get commit.template [19ms]
[2022-09-27T11:06:45.499Z] > git status -z -uall [32ms]
[2022-09-27T11:06:45.514Z] > git symbolic-ref --short HEAD [1ms]
[2022-09-27T11:06:45.531Z] > git for-each-ref --format=%(refname)%00%(upstream:short)%00%(objectname)%00%(upstream:track)%00%(upstream:remotename)%00%(upstream:remoteref) refs/heads/master refs/remotes/master [2ms]
[2022-09-27T11:06:45.563Z] > git for-each-ref --sort -committerdate --format %(refname) %(objectname) %(*objectname) [18ms]
[2022-09-27T11:06:45.563Z] > git remote --verbose [2ms]
[2022-09-27T11:06:45.643Z] > git config --get commit.template [10ms]
[2022-09-27T11:06:50.686Z] > git status -z -uall [31ms]
[2022-09-27T11:06:50.701Z] > git symbolic-ref --short HEAD [3ms]
[2022-09-27T11:06:50.715Z] > git for-each-ref --format=%(refname)%00%(upstream:short)%00%(objectname)%00%(upstream:track)%00%(upstream:remotename)%00%(upstream:remoteref) refs/heads/master refs/remotes/master [2ms]
[2022-09-27T11:06:50.742Z] > git remote --verbose [3ms]
[2022-09-27T11:06:50.743Z] > git for-each-ref --sort -committerdate --format %(refname) %(objectname) %(*objectname) [15ms]
[2022-09-27T11:06:50.822Z] > git config --get commit.template [11ms]
[2022-09-27T11:06:55.868Z] > git status -z -uall [33ms]
[2022-09-27T11:06:55.887Z] > git symbolic-ref --short HEAD [3ms]
[2022-09-27T11:06:55.903Z] > git for-each-ref --format=%(refname)%00%(upstream:short)%00%(objectname)%00%(upstream:track)%00%(upstream:remotename)%00%(upstream:remoteref) refs/heads/master refs/remotes/master [3ms]
[2022-09-27T11:06:55.929Z] > git for-each-ref --sort -committerdate --format %(refname) %(objectname) %(*objectname) [14ms]
[2022-09-27T11:06:55.930Z] > git remote --verbose [3ms]
[2022-09-27T11:06:56.020Z] > git config --get commit.template [10ms]
[2022-09-27T11:07:01.064Z] > git status -z -uall [32ms]
[2022-09-27T11:07:01.081Z] > git symbolic-ref --short HEAD [1ms]
[2022-09-27T11:07:01.096Z] > git for-each-ref --format=%(refname)%00%(upstream:short)%00%(objectname)%00%(upstream:track)%00%(upstream:remotename)%00%(upstream:remoteref) refs/heads/master refs/remotes/master [2ms]
[2022-09-27T11:07:01.124Z] > git remote --verbose [2ms]
[2022-09-27T11:07:01.124Z] > git for-each-ref --sort -committerdate --format %(refname) %(objectname) %(*objectname) [16ms]
[2022-09-27T11:07:01.207Z] > git config --get commit.template [13ms]
[2022-09-27T11:07:06.256Z] > git status -z -uall [36ms]
[2022-09-27T11:07:06.274Z] > git symbolic-ref --short HEAD [2ms]
[2022-09-27T11:07:06.291Z] > git for-each-ref --format=%(refname)%00%(upstream:short)%00%(objectname)%00%(upstream:track)%00%(upstream:remotename)%00%(upstream:remoteref) refs/heads/master refs/remotes/master [2ms]
[2022-09-27T11:07:06.322Z] > git for-each-ref --sort -committerdate --format %(refname) %(objectname) %(*objectname) [17ms]
[2022-09-27T11:07:06.323Z] > git remote --verbose [2ms]
[2022-09-27T11:07:06.402Z] > git config --get commit.template [4ms]
[2022-09-27T11:07:11.448Z] > git status -z -uall [34ms]
[2022-09-27T11:07:11.465Z] > git symbolic-ref --short HEAD [2ms]
[2022-09-27T11:07:11.479Z] > git for-each-ref --format=%(refname)%00%(upstream:short)%00%(objectname)%00%(upstream:track)%00%(upstream:remotename)%00%(upstream:remoteref) refs/heads/master refs/remotes/master [1ms]
[2022-09-27T11:07:11.507Z] > git for-each-ref --sort -committerdate --format %(refname) %(objectname) %(*objectname) [15ms]
[2022-09-27T11:07:11.508Z] > git remote --verbose [2ms]
[2022-09-27T11:07:11.597Z] > git config --get commit.template [12ms]
[2022-09-27T11:07:16.642Z] > git status -z -uall [31ms]
[2022-09-27T11:07:16.657Z] > git symbolic-ref --short HEAD [2ms]
[2022-09-27T11:07:16.674Z] > git for-each-ref --format=%(refname)%00%(upstream:short)%00%(objectname)%00%(upstream:track)%00%(upstream:remotename)%00%(upstream:remoteref) refs/heads/master refs/remotes/master [3ms]
[2022-09-27T11:07:16.710Z] > git remote --verbose [4ms]
[2022-09-27T11:07:16.710Z] > git for-each-ref --sort -committerdate --format %(refname) %(objectname) %(*objectname) [22ms]
[2022-09-27T11:07:16.788Z] > git config --get commit.template [4ms]
[2022-09-27T11:07:21.834Z] > git status -z -uall [30ms]
[2022-09-27T11:07:21.852Z] > git symbolic-ref --short HEAD [3ms]
[2022-09-27T11:07:21.869Z] > git for-each-ref --format=%(refname)%00%(upstream:short)%00%(objectname)%00%(upstream:track)%00%(upstream:remotename)%00%(upstream:remoteref) refs/heads/master refs/remotes/master [6ms]
[2022-09-27T11:07:21.895Z] > git for-each-ref --sort -committerdate --format %(refname) %(objectname) %(*objectname) [13ms]
[2022-09-27T11:07:21.901Z] > git remote --verbose [7ms]
[2022-09-27T11:07:21.992Z] > git config --get commit.template [13ms]
[2022-09-27T11:07:27.041Z] > git status -z -uall [36ms]
[2022-09-27T11:07:27.060Z] > git symbolic-ref --short HEAD [4ms]
[2022-09-27T11:07:27.077Z] > git for-each-ref --format=%(refname)%00%(upstream:short)%00%(objectname)%00%(upstream:track)%00%(upstream:remotename)%00%(upstream:remoteref) refs/heads/master refs/remotes/master [3ms]
[2022-09-27T11:07:27.107Z] > git for-each-ref --sort -committerdate --format %(refname) %(objectname) %(*objectname) [15ms]
[2022-09-27T11:07:27.110Z] > git remote --verbose [4ms]
[2022-09-27T11:07:27.194Z] > git config --get commit.template [10ms]
[2022-09-27T11:07:32.239Z] > git status -z -uall [33ms]
[2022-09-27T11:07:32.256Z] > git symbolic-ref --short HEAD [2ms]
[2022-09-27T11:07:32.270Z] > git for-each-ref --format=%(refname)%00%(upstream:short)%00%(objectname)%00%(upstream:track)%00%(upstream:remotename)%00%(upstream:remoteref) refs/heads/master refs/remotes/master [2ms]
[2022-09-27T11:07:32.296Z] > git for-each-ref --sort -committerdate --format %(refname) %(objectname) %(*objectname) [14ms]
[2022-09-27T11:07:32.299Z] > git remote --verbose [5ms]
[2022-09-27T11:07:32.386Z] > git config --get commit.template [13ms]
[2022-09-27T11:07:37.439Z] > git status -z -uall [38ms]
[2022-09-27T11:07:37.460Z] > git symbolic-ref --short HEAD [2ms]
[2022-09-27T11:07:37.476Z] > git for-each-ref --format=%(refname)%00%(upstream:short)%00%(objectname)%00%(upstream:track)%00%(upstream:remotename)%00%(upstream:remoteref) refs/heads/master refs/remotes/master [2ms]
[2022-09-27T11:07:37.507Z] > git for-each-ref --sort -committerdate --format %(refname) %(objectname) %(*objectname) [16ms]
[2022-09-27T11:07:37.508Z] > git remote --verbose [2ms]
[2022-09-27T11:07:37.589Z] > git config --get commit.template [6ms]
[2022-09-27T11:07:42.635Z] > git status -z -uall [33ms]
[2022-09-27T11:07:42.654Z] > git symbolic-ref --short HEAD [2ms]
[2022-09-27T11:07:42.670Z] > git for-each-ref --format=%(refname)%00%(upstream:short)%00%(objectname)%00%(upstream:track)%00%(upstream:remotename)%00%(upstream:remoteref) refs/heads/master refs/remotes/master [2ms]
[2022-09-27T11:07:42.699Z] > git for-each-ref --sort -committerdate --format %(refname) %(objectname) %(*objectname) [15ms]
[2022-09-27T11:07:42.700Z] > git remote --verbose [2ms]
[2022-09-27T11:07:42.792Z] > git config --get commit.template [13ms]
[2022-09-27T11:07:47.839Z] > git status -z -uall [33ms]
[2022-09-27T11:07:47.857Z] > git symbolic-ref --short HEAD [2ms]
[2022-09-27T11:07:47.874Z] > git for-each-ref --format=%(refname)%00%(upstream:short)%00%(objectname)%00%(upstream:track)%00%(upstream:remotename)%00%(upstream:remoteref) refs/heads/master refs/remotes/master [2ms]
[2022-09-27T11:07:47.905Z] > git for-each-ref --sort -committerdate --format %(refname) %(objectname) %(*objectname) [16ms]
[2022-09-27T11:07:47.905Z] > git remote --verbose [1ms]
[2022-09-27T11:07:47.986Z] > git config --get commit.template [8ms]
[2022-09-27T11:07:53.029Z] > git status -z -uall [32ms]
[2022-09-27T11:07:53.046Z] > git symbolic-ref --short HEAD [3ms]
[2022-09-27T11:07:53.060Z] > git for-each-ref --format=%(refname)%00%(upstream:short)%00%(objectname)%00%(upstream:track)%00%(upstream:remotename)%00%(upstream:remoteref) refs/heads/master refs/remotes/master [2ms]
[2022-09-27T11:07:53.087Z] > git for-each-ref --sort -committerdate --format %(refname) %(objectname) %(*objectname) [13ms]
[2022-09-27T11:07:53.090Z] > git remote --verbose [4ms]
[2022-09-27T11:07:53.174Z] > git config --get commit.template [13ms]
[2022-09-27T11:07:58.220Z] > git status -z -uall [34ms]
[2022-09-27T11:07:58.239Z] > git symbolic-ref --short HEAD [2ms]
[2022-09-27T11:07:58.256Z] > git for-each-ref --format=%(refname)%00%(upstream:short)%00%(objectname)%00%(upstream:track)%00%(upstream:remotename)%00%(upstream:remoteref) refs/heads/master refs/remotes/master [1ms]
[2022-09-27T11:07:58.287Z] > git for-each-ref --sort -committerdate --format %(refname) %(objectname) %(*objectname) [16ms]
[2022-09-27T11:07:58.287Z] > git remote --verbose [2ms]
[2022-09-27T11:07:58.366Z] > git config --get commit.template [8ms]
[2022-09-27T11:08:03.409Z] > git status -z -uall [31ms]
[2022-09-27T11:08:03.425Z] > git symbolic-ref --short HEAD [1ms]
[2022-09-27T11:08:03.441Z] > git for-each-ref --format=%(refname)%00%(upstream:short)%00%(objectname)%00%(upstream:track)%00%(upstream:remotename)%00%(upstream:remoteref) refs/heads/master refs/remotes/master [2ms]
[2022-09-27T11:08:03.468Z] > git for-each-ref --sort -committerdate --format %(refname) %(objectname) %(*objectname) [13ms]
[2022-09-27T11:08:03.472Z] > git remote --verbose [5ms]
[2022-09-27T11:08:03.553Z] > git config --get commit.template [12ms]
[2022-09-27T11:08:08.599Z] > git status -z -uall [32ms]
[2022-09-27T11:08:08.617Z] > git symbolic-ref --short HEAD [2ms]
[2022-09-27T11:08:08.634Z] > git for-each-ref --format=%(refname)%00%(upstream:short)%00%(objectname)%00%(upstream:track)%00%(upstream:remotename)%00%(upstream:remoteref) refs/heads/master refs/remotes/master [2ms]
[2022-09-27T11:08:08.668Z] > git for-each-ref --sort -committerdate --format %(refname) %(objectname) %(*objectname) [18ms]
[2022-09-27T11:08:08.669Z] > git remote --verbose [2ms]
[2022-09-27T11:08:08.749Z] > git config --get commit.template [6ms]
[2022-09-27T11:08:13.799Z] > git status -z -uall [38ms]
[2022-09-27T11:08:13.816Z] > git symbolic-ref --short HEAD [2ms]
[2022-09-27T11:08:13.833Z] > git for-each-ref --format=%(refname)%00%(upstream:short)%00%(objectname)%00%(upstream:track)%00%(upstream:remotename)%00%(upstream:remoteref) refs/heads/master refs/remotes/master [4ms]
[2022-09-27T11:08:13.859Z] > git for-each-ref --sort -committerdate --format %(refname) %(objectname) %(*objectname) [12ms]
[2022-09-27T11:08:13.859Z] > git remote --verbose [2ms]
[2022-09-27T11:08:13.941Z] > git config --get commit.template [9ms]
[2022-09-27T11:08:18.988Z] > git status -z -uall [33ms]
[2022-09-27T11:08:19.006Z] > git symbolic-ref --short HEAD [1ms]
[2022-09-27T11:08:19.022Z] > git for-each-ref --format=%(refname)%00%(upstream:short)%00%(objectname)%00%(upstream:track)%00%(upstream:remotename)%00%(upstream:remoteref) refs/heads/master refs/remotes/master [3ms]
[2022-09-27T11:08:19.051Z] > git for-each-ref --sort -committerdate --format %(refname) %(objectname) %(*objectname) [16ms]
[2022-09-27T11:08:19.054Z] > git remote --verbose [6ms]
[2022-09-27T11:08:19.128Z] > git config --get commit.template [3ms]
[2022-09-27T11:08:24.181Z] > git status -z -uall [41ms]
[2022-09-27T11:08:24.197Z] > git symbolic-ref --short HEAD [3ms]
[2022-09-27T11:08:24.213Z] > git for-each-ref --format=%(refname)%00%(upstream:short)%00%(objectname)%00%(upstream:track)%00%(upstream:remotename)%00%(upstream:remoteref) refs/heads/master refs/remotes/master [3ms]
[2022-09-27T11:08:24.239Z] > git for-each-ref --sort -committerdate --format %(refname) %(objectname) %(*objectname) [14ms]
[2022-09-27T11:08:24.240Z] > git remote --verbose [3ms]
[2022-09-27T11:08:24.342Z] > git config --get commit.template [4ms]
[2022-09-27T11:08:29.388Z] > git status -z -uall [31ms]
[2022-09-27T11:08:29.408Z] > git symbolic-ref --short HEAD [3ms]
[2022-09-27T11:08:29.424Z] > git for-each-ref --format=%(refname)%00%(upstream:short)%00%(objectname)%00%(upstream:track)%00%(upstream:remotename)%00%(upstream:remoteref) refs/heads/master refs/remotes/master [1ms]
[2022-09-27T11:08:29.457Z] > git for-each-ref --sort -committerdate --format %(refname) %(objectname) %(*objectname) [17ms]
[2022-09-27T11:08:29.457Z] > git remote --verbose [1ms]
[2022-09-27T11:08:29.533Z] > git config --get commit.template [5ms]
[2022-09-27T11:08:34.582Z] > git status -z -uall [36ms]
[2022-09-27T11:08:34.598Z] > git symbolic-ref --short HEAD [1ms]
[2022-09-27T11:08:34.614Z] > git for-each-ref --format=%(refname)%00%(upstream:short)%00%(objectname)%00%(upstream:track)%00%(upstream:remotename)%00%(upstream:remoteref) refs/heads/master refs/remotes/master [2ms]
[2022-09-27T11:08:34.640Z] > git for-each-ref --sort -committerdate --format %(refname) %(objectname) %(*objectname) [13ms]
[2022-09-27T11:08:34.643Z] > git remote --verbose [4ms]
[2022-09-27T11:08:34.733Z] > git config --get commit.template [9ms]
[2022-09-27T11:08:39.774Z] > git status -z -uall [28ms]
[2022-09-27T11:08:39.791Z] > git symbolic-ref --short HEAD [2ms]
[2022-09-27T11:08:39.812Z] > git for-each-ref --format=%(refname)%00%(upstream:short)%00%(objectname)%00%(upstream:track)%00%(upstream:remotename)%00%(upstream:remoteref) refs/heads/master refs/remotes/master [5ms]
[2022-09-27T11:08:39.844Z] > git for-each-ref --sort -committerdate --format %(refname) %(objectname) %(*objectname) [19ms]
[2022-09-27T11:08:39.847Z] > git remote --verbose [7ms]
[2022-09-27T11:08:39.917Z] > git config --get commit.template [3ms]
[2022-09-27T11:08:44.971Z] > git status -z -uall [42ms]
[2022-09-27T11:08:44.988Z] > git symbolic-ref --short HEAD [2ms]
[2022-09-27T11:08:45.005Z] > git for-each-ref --format=%(refname)%00%(upstream:short)%00%(objectname)%00%(upstream:track)%00%(upstream:remotename)%00%(upstream:remoteref) refs/heads/master refs/remotes/master [1ms]
[2022-09-27T11:08:45.036Z] > git remote --verbose [6ms]
[2022-09-27T11:08:45.036Z] > git for-each-ref --sort -committerdate --format %(refname) %(objectname) %(*objectname) [16ms]
[2022-09-27T11:08:45.125Z] > git config --get commit.template [14ms]
[2022-09-27T11:08:50.173Z] > git status -z -uall [34ms]
[2022-09-27T11:08:50.193Z] > git symbolic-ref --short HEAD [1ms]
[2022-09-27T11:08:50.211Z] > git for-each-ref --format=%(refname)%00%(upstream:short)%00%(objectname)%00%(upstream:track)%00%(upstream:remotename)%00%(upstream:remoteref) refs/heads/master refs/remotes/master [3ms]
[2022-09-27T11:08:50.243Z] > git for-each-ref --sort -committerdate --format %(refname) %(objectname) %(*objectname) [16ms]
[2022-09-27T11:08:50.246Z] > git remote --verbose [4ms]
[2022-09-27T11:08:50.329Z] > git config --get commit.template [6ms]
[2022-09-27T11:08:55.368Z] > git status -z -uall [27ms]
[2022-09-27T11:08:55.386Z] > git symbolic-ref --short HEAD [2ms]
[2022-09-27T11:08:55.403Z] > git for-each-ref --format=%(refname)%00%(upstream:short)%00%(objectname)%00%(upstream:track)%00%(upstream:remotename)%00%(upstream:remoteref) refs/heads/master refs/remotes/master [2ms]
[2022-09-27T11:08:55.429Z] > git for-each-ref --sort -committerdate --format %(refname) %(objectname) %(*objectname) [12ms]
[2022-09-27T11:08:55.433Z] > git remote --verbose [6ms]
[2022-09-27T11:08:55.525Z] > git config --get commit.template [9ms]
[2022-09-27T11:09:00.571Z] > git status -z -uall [32ms]
[2022-09-27T11:09:00.588Z] > git symbolic-ref --short HEAD [3ms]
[2022-09-27T11:09:00.606Z] > git for-each-ref --format=%(refname)%00%(upstream:short)%00%(objectname)%00%(upstream:track)%00%(upstream:remotename)%00%(upstream:remoteref) refs/heads/master refs/remotes/master [2ms]
[2022-09-27T11:09:00.638Z] > git remote --verbose [3ms]
[2022-09-27T11:09:00.638Z] > git for-each-ref --sort -committerdate --format %(refname) %(objectname) %(*objectname) [17ms]
[2022-09-27T11:09:00.713Z] > git config --get commit.template [3ms]
[2022-09-27T11:09:05.761Z] > git status -z -uall [35ms]
[2022-09-27T11:09:05.779Z] > git symbolic-ref --short HEAD [2ms]
[2022-09-27T11:09:05.796Z] > git for-each-ref --format=%(refname)%00%(upstream:short)%00%(objectname)%00%(upstream:track)%00%(upstream:remotename)%00%(upstream:remoteref) refs/heads/master refs/remotes/master [0ms]
[2022-09-27T11:09:05.822Z] > git for-each-ref --sort -committerdate --format %(refname) %(objectname) %(*objectname) [14ms]
[2022-09-27T11:09:05.822Z] > git remote --verbose [2ms]
[2022-09-27T11:09:05.906Z] > git config --get commit.template [11ms]
[2022-09-27T11:09:10.954Z] > git status -z -uall [33ms]
[2022-09-27T11:09:10.972Z] > git symbolic-ref --short HEAD [1ms]
[2022-09-27T11:09:10.990Z] > git for-each-ref --format=%(refname)%00%(upstream:short)%00%(objectname)%00%(upstream:track)%00%(upstream:remotename)%00%(upstream:remoteref) refs/heads/master refs/remotes/master [2ms]
[2022-09-27T11:09:11.024Z] > git for-each-ref --sort -committerdate --format %(refname) %(objectname) %(*objectname) [17ms]
[2022-09-27T11:09:11.025Z] > git remote --verbose [2ms]
[2022-09-27T11:09:11.105Z] > git config --get commit.template [1ms]
[2022-09-27T11:09:16.151Z] > git status -z -uall [33ms]
[2022-09-27T11:09:16.166Z] > git symbolic-ref --short HEAD [2ms]
[2022-09-27T11:09:16.180Z] > git for-each-ref --format=%(refname)%00%(upstream:short)%00%(objectname)%00%(upstream:track)%00%(upstream:remotename)%00%(upstream:remoteref) refs/heads/master refs/remotes/master [2ms]
[2022-09-27T11:09:16.205Z] > git for-each-ref --sort -committerdate --format %(refname) %(objectname) %(*objectname) [13ms]
[2022-09-27T11:09:16.208Z] > git remote --verbose [4ms]
[2022-09-27T11:09:16.292Z] > git config --get commit.template [13ms]
[2022-09-27T11:09:21.335Z] > git status -z -uall [30ms]
[2022-09-27T11:09:21.352Z] > git symbolic-ref --short HEAD [2ms]
[2022-09-27T11:09:21.368Z] > git for-each-ref --format=%(refname)%00%(upstream:short)%00%(objectname)%00%(upstream:track)%00%(upstream:remotename)%00%(upstream:remoteref) refs/heads/master refs/remotes/master [3ms]
[2022-09-27T11:09:21.396Z] > git for-each-ref --sort -committerdate --format %(refname) %(objectname) %(*objectname) [14ms]
[2022-09-27T11:09:21.399Z] > git remote --verbose [4ms]
[2022-09-27T11:09:21.475Z] > git config --get commit.template [5ms]
[2022-09-27T11:09:26.525Z] > git status -z -uall [32ms]
[2022-09-27T11:09:26.541Z] > git symbolic-ref --short HEAD [1ms]
[2022-09-27T11:09:26.556Z] > git for-each-ref --format=%(refname)%00%(upstream:short)%00%(objectname)%00%(upstream:track)%00%(upstream:remotename)%00%(upstream:remoteref) refs/heads/master refs/remotes/master [2ms]
[2022-09-27T11:09:26.585Z] > git remote --verbose [5ms]
[2022-09-27T11:09:26.586Z] > git for-each-ref --sort -committerdate --format %(refname) %(objectname) %(*objectname) [16ms]
[2022-09-27T11:09:26.676Z] > git config --get commit.template [13ms]
[2022-09-27T11:09:31.718Z] > git status -z -uall [29ms]
[2022-09-27T11:09:31.736Z] > git symbolic-ref --short HEAD [2ms]
[2022-09-27T11:09:31.752Z] > git for-each-ref --format=%(refname)%00%(upstream:short)%00%(objectname)%00%(upstream:track)%00%(upstream:remotename)%00%(upstream:remoteref) refs/heads/master refs/remotes/master [1ms]
[2022-09-27T11:09:31.784Z] > git for-each-ref --sort -committerdate --format %(refname) %(objectname) %(*objectname) [18ms]
[2022-09-27T11:09:31.786Z] > git remote --verbose [4ms]
[2022-09-27T11:09:31.862Z] > git config --get commit.template [6ms]
[2022-09-27T11:09:36.910Z] > git status -z -uall [37ms]
[2022-09-27T11:09:36.934Z] > git symbolic-ref --short HEAD [6ms]
[2022-09-27T11:09:36.951Z] > git for-each-ref --format=%(refname)%00%(upstream:short)%00%(objectname)%00%(upstream:track)%00%(upstream:remotename)%00%(upstream:remoteref) refs/heads/master refs/remotes/master [3ms]
[2022-09-27T11:09:36.977Z] > git for-each-ref --sort -committerdate --format %(refname) %(objectname) %(*objectname) [12ms]
[2022-09-27T11:09:36.979Z] > git remote --verbose [3ms]
[2022-09-27T11:09:37.067Z] > git config --get commit.template [13ms]
[2022-09-27T11:09:42.113Z] > git status -z -uall [32ms]
[2022-09-27T11:09:42.130Z] > git symbolic-ref --short HEAD [2ms]
[2022-09-27T11:09:42.147Z] > git for-each-ref --format=%(refname)%00%(upstream:short)%00%(objectname)%00%(upstream:track)%00%(upstream:remotename)%00%(upstream:remoteref) refs/heads/master refs/remotes/master [2ms]
[2022-09-27T11:09:42.179Z] > git for-each-ref --sort -committerdate --format %(refname) %(objectname) %(*objectname) [17ms]
[2022-09-27T11:09:42.179Z] > git remote --verbose [1ms]
[2022-09-27T11:09:42.256Z] > git config --get commit.template [6ms]
[2022-09-27T11:09:47.305Z] > git status -z -uall [37ms]
[2022-09-27T11:09:47.328Z] > git symbolic-ref --short HEAD [5ms]
[2022-09-27T11:09:47.344Z] > git for-each-ref --format=%(refname)%00%(upstream:short)%00%(objectname)%00%(upstream:track)%00%(upstream:remotename)%00%(upstream:remoteref) refs/heads/master refs/remotes/master [5ms]
[2022-09-27T11:09:47.370Z] > git for-each-ref --sort -committerdate --format %(refname) %(objectname) %(*objectname) [15ms]
[2022-09-27T11:09:47.370Z] > git remote --verbose [1ms]
[2022-09-27T11:09:47.454Z] > git config --get commit.template [11ms]
[2022-09-27T11:09:52.501Z] > git status -z -uall [33ms]
[2022-09-27T11:09:52.522Z] > git symbolic-ref --short HEAD [2ms]
[2022-09-27T11:09:52.539Z] > git for-each-ref --format=%(refname)%00%(upstream:short)%00%(objectname)%00%(upstream:track)%00%(upstream:remotename)%00%(upstream:remoteref) refs/heads/master refs/remotes/master [2ms]
[2022-09-27T11:09:52.571Z] > git remote --verbose [1ms]
[2022-09-27T11:09:52.571Z] > git for-each-ref --sort -committerdate --format %(refname) %(objectname) %(*objectname) [17ms]
[2022-09-27T11:09:52.656Z] > git config --get commit.template [4ms]
[2022-09-27T11:09:57.706Z] > git status -z -uall [38ms]
[2022-09-27T11:09:57.722Z] > git symbolic-ref --short HEAD [5ms]
[2022-09-27T11:09:57.735Z] > git for-each-ref --format=%(refname)%00%(upstream:short)%00%(objectname)%00%(upstream:track)%00%(upstream:remotename)%00%(upstream:remoteref) refs/heads/master refs/remotes/master [2ms]
[2022-09-27T11:09:57.763Z] > git for-each-ref --sort -committerdate --format %(refname) %(objectname) %(*objectname) [14ms]
[2022-09-27T11:09:57.764Z] > git remote --verbose [2ms]
[2022-09-27T11:09:57.853Z] > git config --get commit.template [11ms]
[2022-09-27T11:10:02.897Z] > git status -z -uall [30ms]
[2022-09-27T11:10:02.918Z] > git symbolic-ref --short HEAD [4ms]
[2022-09-27T11:10:02.936Z] > git for-each-ref --format=%(refname)%00%(upstream:short)%00%(objectname)%00%(upstream:track)%00%(upstream:remotename)%00%(upstream:remoteref) refs/heads/master refs/remotes/master [2ms]
[2022-09-27T11:10:02.969Z] > git for-each-ref --sort -committerdate --format %(refname) %(objectname) %(*objectname) [17ms]
[2022-09-27T11:10:02.969Z] > git remote --verbose [2ms]
[2022-09-27T11:10:03.047Z] > git config --get commit.template [5ms]
[2022-09-27T11:10:08.089Z] > git status -z -uall [30ms]
[2022-09-27T11:10:08.107Z] > git symbolic-ref --short HEAD [3ms]
[2022-09-27T11:10:08.122Z] > git for-each-ref --format=%(refname)%00%(upstream:short)%00%(objectname)%00%(upstream:track)%00%(upstream:remotename)%00%(upstream:remoteref) refs/heads/master refs/remotes/master [3ms]
[2022-09-27T11:10:08.151Z] > git for-each-ref --sort -committerdate --format %(refname) %(objectname) %(*objectname) [15ms]
[2022-09-27T11:10:08.152Z] > git remote --verbose [6ms]
[2022-09-27T11:10:08.243Z] > git config --get commit.template [13ms]
[2022-09-27T11:10:13.295Z] > git status -z -uall [39ms]
[2022-09-27T11:10:13.314Z] > git symbolic-ref --short HEAD [2ms]
[2022-09-27T11:10:13.330Z] > git for-each-ref --format=%(refname)%00%(upstream:short)%00%(objectname)%00%(upstream:track)%00%(upstream:remotename)%00%(upstream:remoteref) refs/heads/master refs/remotes/master [1ms]
[2022-09-27T11:10:13.361Z] > git remote --verbose [1ms]
[2022-09-27T11:10:13.361Z] > git for-each-ref --sort -committerdate --format %(refname) %(objectname) %(*objectname) [16ms]
[2022-09-27T11:10:13.441Z] > git config --get commit.template [7ms]
[2022-09-27T11:10:18.482Z] > git status -z -uall [30ms]
[2022-09-27T11:10:18.500Z] > git symbolic-ref --short HEAD [0ms]
[2022-09-27T11:10:18.515Z] > git for-each-ref --format=%(refname)%00%(upstream:short)%00%(objectname)%00%(upstream:track)%00%(upstream:remotename)%00%(upstream:remoteref) refs/heads/master refs/remotes/master [5ms]
[2022-09-27T11:10:18.542Z] > git for-each-ref --sort -committerdate --format %(refname) %(objectname) %(*objectname) [15ms]
[2022-09-27T11:10:18.543Z] > git remote --verbose [2ms]
[2022-09-27T11:10:18.633Z] > git config --get commit.template [13ms]
[2022-09-27T11:10:23.674Z] > git status -z -uall [28ms]
[2022-09-27T11:10:23.695Z] > git symbolic-ref --short HEAD [3ms]
[2022-09-27T11:10:23.712Z] > git for-each-ref --format=%(refname)%00%(upstream:short)%00%(objectname)%00%(upstream:track)%00%(upstream:remotename)%00%(upstream:remoteref) refs/heads/master refs/remotes/master [3ms]
[2022-09-27T11:10:23.765Z] > git for-each-ref --sort -committerdate --format %(refname) %(objectname) %(*objectname) [39ms]
[2022-09-27T11:10:23.771Z] > git remote --verbose [12ms]
[2022-09-27T11:10:23.844Z] > git config --get commit.template [8ms]
[2022-09-27T11:10:28.894Z] > git status -z -uall [37ms]
[2022-09-27T11:10:28.911Z] > git symbolic-ref --short HEAD [6ms]
[2022-09-27T11:10:28.926Z] > git for-each-ref --format=%(refname)%00%(upstream:short)%00%(objectname)%00%(upstream:track)%00%(upstream:remotename)%00%(upstream:remoteref) refs/heads/master refs/remotes/master [5ms]
[2022-09-27T11:10:28.952Z] > git for-each-ref --sort -committerdate --format %(refname) %(objectname) %(*objectname) [15ms]
[2022-09-27T11:10:28.954Z] > git remote --verbose [3ms]
[2022-09-27T11:10:29.045Z] > git config --get commit.template [12ms]
[2022-09-27T11:10:34.092Z] > git status -z -uall [34ms]
[2022-09-27T11:10:34.108Z] > git symbolic-ref --short HEAD [2ms]
[2022-09-27T11:10:34.125Z] > git for-each-ref --format=%(refname)%00%(upstream:short)%00%(objectname)%00%(upstream:track)%00%(upstream:remotename)%00%(upstream:remoteref) refs/heads/master refs/remotes/master [1ms]
[2022-09-27T11:10:34.157Z] > git for-each-ref --sort -committerdate --format %(refname) %(objectname) %(*objectname) [17ms]
[2022-09-27T11:10:34.158Z] > git remote --verbose [2ms]
[2022-09-27T11:10:34.237Z] > git config --get commit.template [9ms]
[2022-09-27T11:10:39.282Z] > git status -z -uall [33ms]
[2022-09-27T11:10:39.300Z] > git symbolic-ref --short HEAD [2ms]
[2022-09-27T11:10:39.314Z] > git for-each-ref --format=%(refname)%00%(upstream:short)%00%(objectname)%00%(upstream:track)%00%(upstream:remotename)%00%(upstream:remoteref) refs/heads/master refs/remotes/master [1ms]
[2022-09-27T11:10:39.343Z] > git for-each-ref --sort -committerdate --format %(refname) %(objectname) %(*objectname) [15ms]
[2022-09-27T11:10:39.344Z] > git remote --verbose [2ms]
[2022-09-27T11:10:39.432Z] > git config --get commit.template [15ms]
[2022-09-27T11:10:44.480Z] > git status -z -uall [34ms]
[2022-09-27T11:10:44.499Z] > git symbolic-ref --short HEAD [3ms]
[2022-09-27T11:10:44.516Z] > git for-each-ref --format=%(refname)%00%(upstream:short)%00%(objectname)%00%(upstream:track)%00%(upstream:remotename)%00%(upstream:remoteref) refs/heads/master refs/remotes/master [2ms]
[2022-09-27T11:10:44.548Z] > git for-each-ref --sort -committerdate --format %(refname) %(objectname) %(*objectname) [16ms]
[2022-09-27T11:10:44.550Z] > git remote --verbose [5ms]
[2022-09-27T11:10:44.619Z] > git config --get commit.template [6ms]
[2022-09-27T11:10:49.658Z] > git status -z -uall [28ms]
[2022-09-27T11:10:49.676Z] > git symbolic-ref --short HEAD [1ms]
[2022-09-27T11:10:49.692Z] > git for-each-ref --format=%(refname)%00%(upstream:short)%00%(objectname)%00%(upstream:track)%00%(upstream:remotename)%00%(upstream:remoteref) refs/heads/master refs/remotes/master [1ms]
[2022-09-27T11:10:49.720Z] > git for-each-ref --sort -committerdate --format %(refname) %(objectname) %(*objectname) [14ms]
[2022-09-27T11:10:49.723Z] > git remote --verbose [4ms]
[2022-09-27T11:10:49.811Z] > git config --get commit.template [10ms]
[2022-09-27T11:10:54.859Z] > git status -z -uall [34ms]
[2022-09-27T11:10:54.876Z] > git symbolic-ref --short HEAD [2ms]
[2022-09-27T11:10:54.895Z] > git for-each-ref --format=%(refname)%00%(upstream:short)%00%(objectname)%00%(upstream:track)%00%(upstream:remotename)%00%(upstream:remoteref) refs/heads/master refs/remotes/master [2ms]
[2022-09-27T11:10:54.926Z] > git for-each-ref --sort -committerdate --format %(refname) %(objectname) %(*objectname) [17ms]
[2022-09-27T11:10:54.927Z] > git remote --verbose [3ms]
[2022-09-27T11:10:54.996Z] > git config --get commit.template [6ms]
[2022-09-27T11:11:00.042Z] > git status -z -uall [34ms]
[2022-09-27T11:11:00.058Z] > git symbolic-ref --short HEAD [3ms]
[2022-09-27T11:11:00.072Z] > git for-each-ref --format=%(refname)%00%(upstream:short)%00%(objectname)%00%(upstream:track)%00%(upstream:remotename)%00%(upstream:remoteref) refs/heads/master refs/remotes/master [2ms]
[2022-09-27T11:11:00.100Z] > git for-each-ref --sort -committerdate --format %(refname) %(objectname) %(*objectname) [15ms]
[2022-09-27T11:11:00.101Z] > git remote --verbose [3ms]
[2022-09-27T11:11:00.187Z] > git config --get commit.template [13ms]
[2022-09-27T11:11:05.236Z] > git status -z -uall [35ms]
[2022-09-27T11:11:05.260Z] > git symbolic-ref --short HEAD [2ms]
[2022-09-27T11:11:05.276Z] > git for-each-ref --format=%(refname)%00%(upstream:short)%00%(objectname)%00%(upstream:track)%00%(upstream:remotename)%00%(upstream:remoteref) refs/heads/master refs/remotes/master [1ms]
[2022-09-27T11:11:05.306Z] > git for-each-ref --sort -committerdate --format %(refname) %(objectname) %(*objectname) [14ms]
[2022-09-27T11:11:05.310Z] > git remote --verbose [5ms]
[2022-09-27T11:11:05.390Z] > git config --get commit.template [5ms]
[2022-09-27T11:11:10.436Z] > git status -z -uall [34ms]
[2022-09-27T11:11:10.452Z] > git symbolic-ref --short HEAD [1ms]
[2022-09-27T11:11:10.467Z] > git for-each-ref --format=%(refname)%00%(upstream:short)%00%(objectname)%00%(upstream:track)%00%(upstream:remotename)%00%(upstream:remoteref) refs/heads/master refs/remotes/master [1ms]
[2022-09-27T11:11:10.498Z] > git for-each-ref --sort -committerdate --format %(refname) %(objectname) %(*objectname) [15ms]
[2022-09-27T11:11:10.499Z] > git remote --verbose [2ms]
[2022-09-27T11:11:10.587Z] > git config --get commit.template [14ms]
[2022-09-27T11:11:15.628Z] > git status -z -uall [27ms]
[2022-09-27T11:11:15.645Z] > git symbolic-ref --short HEAD [2ms]
[2022-09-27T11:11:15.665Z] > git for-each-ref --format=%(refname)%00%(upstream:short)%00%(objectname)%00%(upstream:track)%00%(upstream:remotename)%00%(upstream:remoteref) refs/heads/master refs/remotes/master [4ms]
[2022-09-27T11:11:15.701Z] > git remote --verbose [6ms]
[2022-09-27T11:11:15.702Z] > git for-each-ref --sort -committerdate --format %(refname) %(objectname) %(*objectname) [24ms]
[2022-09-27T11:11:15.778Z] > git config --get commit.template [4ms]
[2022-09-27T11:11:20.863Z] > git status -z -uall [66ms]
[2022-09-27T11:11:20.900Z] > git symbolic-ref --short HEAD [9ms]
[2022-09-27T11:11:20.932Z] > git for-each-ref --format=%(refname)%00%(upstream:short)%00%(objectname)%00%(upstream:track)%00%(upstream:remotename)%00%(upstream:remoteref) refs/heads/master refs/remotes/master [15ms]
[2022-09-27T11:11:20.981Z] > git for-each-ref --sort -committerdate --format %(refname) %(objectname) %(*objectname) [18ms]
[2022-09-27T11:11:20.982Z] > git remote --verbose [2ms]
[2022-09-27T11:11:21.080Z] > git config --get commit.template [14ms]
[2022-09-27T11:11:26.123Z] > git status -z -uall [29ms]
[2022-09-27T11:11:26.138Z] > git symbolic-ref --short HEAD [2ms]
[2022-09-27T11:11:26.153Z] > git for-each-ref --format=%(refname)%00%(upstream:short)%00%(objectname)%00%(upstream:track)%00%(upstream:remotename)%00%(upstream:remoteref) refs/heads/master refs/remotes/master [2ms]
[2022-09-27T11:11:26.180Z] > git for-each-ref --sort -committerdate --format %(refname) %(objectname) %(*objectname) [14ms]
[2022-09-27T11:11:26.181Z] > git remote --verbose [2ms]
[2022-09-27T11:11:26.268Z] > git config --get commit.template [10ms]
[2022-09-27T11:31:51.218Z] > git status -z -uall [192ms]
[2022-09-27T11:31:51.233Z] > git symbolic-ref --short HEAD [4ms]
[2022-09-27T11:31:51.243Z] > git for-each-ref --format=%(refname)%00%(upstream:short)%00%(objectname)%00%(upstream:track)%00%(upstream:remotename)%00%(upstream:remoteref) refs/heads/master refs/remotes/master [1ms]
[2022-09-27T11:31:51.261Z] > git for-each-ref --sort -committerdate --format %(refname) %(objectname) %(*objectname) [9ms]
[2022-09-27T11:31:51.262Z] > git remote --verbose [3ms]
[2022-09-27T11:31:51.383Z] > git config --get commit.template [4ms]
[2022-09-27T11:31:56.427Z] > git status -z -uall [32ms]
[2022-09-27T11:31:56.442Z] > git symbolic-ref --short HEAD [1ms]
[2022-09-27T11:31:56.455Z] > git for-each-ref --format=%(refname)%00%(upstream:short)%00%(objectname)%00%(upstream:track)%00%(upstream:remotename)%00%(upstream:remoteref) refs/heads/master refs/remotes/master [2ms]
[2022-09-27T11:31:56.480Z] > git for-each-ref --sort -committerdate --format %(refname) %(objectname) %(*objectname) [13ms]
[2022-09-27T11:31:56.481Z] > git remote --verbose [2ms]
[2022-09-27T11:31:56.568Z] > git config --get commit.template [6ms]
[2022-09-27T11:31:57.851Z] > git show --textconv :Dendron/.next/.gitignore [42ms]
[2022-09-27T11:31:57.853Z] > git ls-files --stage -- /home/masi/Dendron/.next/.gitignore [3ms]
[2022-09-27T11:32:01.608Z] > git status -z -uall [28ms]
[2022-09-27T11:32:01.620Z] > git symbolic-ref --short HEAD [1ms]
[2022-09-27T11:32:01.631Z] > git for-each-ref --format=%(refname)%00%(upstream:short)%00%(objectname)%00%(upstream:track)%00%(upstream:remotename)%00%(upstream:remoteref) refs/heads/master refs/remotes/master [2ms]
[2022-09-27T11:32:01.652Z] > git for-each-ref --sort -committerdate --format %(refname) %(objectname) %(*objectname) [11ms]
[2022-09-27T11:32:01.652Z] > git remote --verbose [1ms]
[2022-09-27T11:32:01.750Z] > git config --get commit.template [4ms]
[2022-09-27T11:32:08.691Z] > git status -z -uall [66ms]
[2022-09-27T11:32:08.706Z] > git symbolic-ref --short HEAD [2ms]
[2022-09-27T11:32:08.725Z] > git for-each-ref --format=%(refname)%00%(upstream:short)%00%(objectname)%00%(upstream:track)%00%(upstream:remotename)%00%(upstream:remoteref) refs/heads/master refs/remotes/master [3ms]
[2022-09-27T11:32:08.766Z] > git remote --verbose [11ms]
[2022-09-27T11:32:08.767Z] > git for-each-ref --sort -committerdate --format %(refname) %(objectname) %(*objectname) [30ms]
[2022-09-27T11:32:09.945Z] > git config --get commit.template [1045ms]
