[2022-09-27T10:47:08.351Z] Log level: Info
[2022-09-27T10:47:08.359Z] [info] Validating found git in: git
[2022-09-27T10:47:08.405Z] [info] Using git 2.25.1 from git
[2022-09-27T10:47:08.445Z] > git rev-parse --show-toplevel [21ms]
[2022-09-27T10:47:08.474Z] > git rev-parse --git-dir --git-common-dir [9ms]
[2022-09-27T10:47:08.497Z] [info] Open repository: /home/masi
[2022-09-27T10:47:09.065Z] > git check-ignore -v -z --stdin [3ms]
[2022-09-27T10:47:09.157Z] > git status -z -uall [645ms]
[2022-09-27T10:47:09.166Z] > git symbolic-ref --short HEAD [1ms]
[2022-09-27T10:47:09.176Z] > git for-each-ref --format=%(refname)%00%(upstream:short)%00%(objectname)%00%(upstream:track)%00%(upstream:remotename)%00%(upstream:remoteref) refs/heads/master refs/remotes/master [3ms]
[2022-09-27T10:47:09.193Z] > git remote --verbose [2ms]
[2022-09-27T10:47:09.195Z] > git for-each-ref --sort -committerdate --format %(refname) %(objectname) %(*objectname) [12ms]
[2022-09-27T10:47:10.543Z] > git check-ignore -v -z --stdin [3ms]
[2022-09-27T10:47:12.356Z] > git config --get commit.template [2328ms]
[2022-09-27T10:47:12.759Z] > git status -z -uall [278ms]
[2022-09-27T10:47:12.788Z] > git symbolic-ref --short HEAD [6ms]
[2022-09-27T10:47:12.802Z] > git for-each-ref --format=%(refname)%00%(upstream:short)%00%(objectname)%00%(upstream:track)%00%(upstream:remotename)%00%(upstream:remoteref) refs/heads/master refs/remotes/master [3ms]
[2022-09-27T10:47:12.826Z] > git for-each-ref --sort -committerdate --format %(refname) %(objectname) %(*objectname) [13ms]
[2022-09-27T10:47:12.829Z] > git remote --verbose [5ms]
[2022-09-27T10:47:14.347Z] > git config --get commit.template [141ms]
[2022-09-27T10:47:14.373Z] > git check-ignore -v -z --stdin [55ms]
[2022-09-27T10:47:15.574Z] > git show --textconv :Dendron/notes/archive.Variability.md [326ms]
[2022-09-27T10:47:15.575Z] > git ls-files --stage -- /home/masi/Dendron/notes/archive.Variability.md [307ms]
[2022-09-27T10:47:16.806Z] > git show --textconv :Dendron/notes/areas.PowerBI.md [37ms]
[2022-09-27T10:47:16.813Z] > git ls-files --stage -- /home/masi/Dendron/notes/areas.PowerBI.md [8ms]
[2022-09-27T10:47:25.563Z] > git check-ignore -v -z --stdin [10ms]
[2022-09-27T10:47:26.700Z] > git status -z -uall [64ms]
[2022-09-27T10:47:26.715Z] > git symbolic-ref --short HEAD [3ms]
[2022-09-27T10:47:26.728Z] > git for-each-ref --format=%(refname)%00%(upstream:short)%00%(objectname)%00%(upstream:track)%00%(upstream:remotename)%00%(upstream:remoteref) refs/heads/master refs/remotes/master [3ms]
[2022-09-27T10:47:26.767Z] > git for-each-ref --sort -committerdate --format %(refname) %(objectname) %(*objectname) [28ms]
[2022-09-27T10:47:26.774Z] > git remote --verbose [8ms]
[2022-09-27T10:47:28.386Z] > git config --get commit.template [58ms]
[2022-09-27T10:47:28.894Z] > git check-ignore -v -z --stdin [12ms]
[2022-09-27T10:47:33.486Z] > git status -z -uall [74ms]
[2022-09-27T10:47:33.502Z] > git symbolic-ref --short HEAD [3ms]
[2022-09-27T10:47:33.530Z] > git for-each-ref --format=%(refname)%00%(upstream:short)%00%(objectname)%00%(upstream:track)%00%(upstream:remotename)%00%(upstream:remoteref) refs/heads/master refs/remotes/master [10ms]
[2022-09-27T10:47:33.554Z] > git for-each-ref --sort -committerdate --format %(refname) %(objectname) %(*objectname) [14ms]
[2022-09-27T10:47:33.555Z] > git remote --verbose [2ms]
[2022-09-27T10:47:34.390Z] > git config --get commit.template [700ms]
[2022-09-27T10:47:39.441Z] > git status -z -uall [39ms]
[2022-09-27T10:47:39.474Z] > git symbolic-ref --short HEAD [20ms]
[2022-09-27T10:47:39.508Z] > git for-each-ref --format=%(refname)%00%(upstream:short)%00%(objectname)%00%(upstream:track)%00%(upstream:remotename)%00%(upstream:remoteref) refs/heads/master refs/remotes/master [9ms]
[2022-09-27T10:47:39.580Z] > git for-each-ref --sort -committerdate --format %(refname) %(objectname) %(*objectname) [48ms]
[2022-09-27T10:47:39.581Z] > git remote --verbose [24ms]
[2022-09-27T10:47:39.701Z] > git config --get commit.template [19ms]
[2022-09-27T10:47:41.538Z] > git check-ignore -v -z --stdin [9ms]
[2022-09-27T10:47:44.814Z] > git status -z -uall [95ms]
[2022-09-27T10:47:44.925Z] > git symbolic-ref --short HEAD [54ms]
[2022-09-27T10:47:44.955Z] > git for-each-ref --format=%(refname)%00%(upstream:short)%00%(objectname)%00%(upstream:track)%00%(upstream:remotename)%00%(upstream:remoteref) refs/heads/master refs/remotes/master [4ms]
[2022-09-27T10:47:44.985Z] > git for-each-ref --sort -committerdate --format %(refname) %(objectname) %(*objectname) [16ms]
[2022-09-27T10:47:44.989Z] > git remote --verbose [5ms]
[2022-09-27T10:47:45.099Z] > git config --get commit.template [9ms]
[2022-09-27T10:58:20.817Z] > git status -z -uall [239ms]
[2022-09-27T10:58:20.850Z] > git symbolic-ref --short HEAD [11ms]
[2022-09-27T10:58:20.882Z] > git for-each-ref --format=%(refname)%00%(upstream:short)%00%(objectname)%00%(upstream:track)%00%(upstream:remotename)%00%(upstream:remoteref) refs/heads/master refs/remotes/master [18ms]
[2022-09-27T10:58:20.914Z] > git for-each-ref --sort -committerdate --format %(refname) %(objectname) %(*objectname) [12ms]
[2022-09-27T10:58:20.925Z] > git remote --verbose [12ms]
[2022-09-27T10:58:22.522Z] > git check-ignore -v -z --stdin [89ms]
[2022-09-27T10:58:22.522Z] > git config --get commit.template [22ms]
[2022-09-27T10:58:23.351Z] > git show --textconv :Downloads/Telegram Desktop/resume/index.html [282ms]
[2022-09-27T10:58:23.351Z] > git ls-files --stage -- /home/masi/Downloads/Telegram Desktop/resume/index.html [249ms]
[2022-09-27T10:58:27.687Z] > git status -z -uall [124ms]
[2022-09-27T10:58:27.762Z] > git symbolic-ref --short HEAD [37ms]
[2022-09-27T10:58:27.789Z] > git for-each-ref --format=%(refname)%00%(upstream:short)%00%(objectname)%00%(upstream:track)%00%(upstream:remotename)%00%(upstream:remoteref) refs/heads/master refs/remotes/master [2ms]
[2022-09-27T10:58:27.840Z] > git for-each-ref --sort -committerdate --format %(refname) %(objectname) %(*objectname) [19ms]
[2022-09-27T10:58:27.843Z] > git remote --verbose [5ms]
[2022-09-27T10:58:27.955Z] > git config --get commit.template [5ms]
[2022-09-27T10:58:31.863Z] > git show --textconv :Dendron/notes/areas.PowerBI.md [12ms]
[2022-09-27T10:58:31.864Z] > git ls-files --stage -- /home/masi/Dendron/notes/areas.PowerBI.md [3ms]
[2022-09-27T10:58:39.288Z] > git check-ignore -v -z --stdin [48ms]
[2022-09-27T10:58:39.518Z] > git status -z -uall [236ms]
[2022-09-27T10:58:39.536Z] > git show --textconv :Downloads/Telegram Desktop/resume/resume.json [49ms]
[2022-09-27T10:58:39.539Z] > git ls-files --stage -- /home/masi/Downloads/Telegram Desktop/resume/resume.json [34ms]
[2022-09-27T10:58:39.582Z] > git symbolic-ref --short HEAD [46ms]
[2022-09-27T10:58:39.661Z] > git for-each-ref --format=%(refname)%00%(upstream:short)%00%(objectname)%00%(upstream:track)%00%(upstream:remotename)%00%(upstream:remoteref) refs/heads/master refs/remotes/master [44ms]
[2022-09-27T10:58:39.705Z] > git for-each-ref --sort -committerdate --format %(refname) %(objectname) %(*objectname) [22ms]
[2022-09-27T10:58:39.723Z] > git remote --verbose [20ms]
[2022-09-27T10:58:40.534Z] > git config --get commit.template [30ms]
[2022-09-27T10:59:28.467Z] > git status -z -uall [78ms]
[2022-09-27T10:59:28.489Z] > git symbolic-ref --short HEAD [4ms]
[2022-09-27T10:59:28.507Z] > git for-each-ref --format=%(refname)%00%(upstream:short)%00%(objectname)%00%(upstream:track)%00%(upstream:remotename)%00%(upstream:remoteref) refs/heads/master refs/remotes/master [9ms]
[2022-09-27T10:59:28.532Z] > git remote --verbose [4ms]
[2022-09-27T10:59:28.533Z] > git for-each-ref --sort -committerdate --format %(refname) %(objectname) %(*objectname) [13ms]
[2022-09-27T10:59:29.453Z] > git config --get commit.template [802ms]
[2022-09-27T10:59:32.403Z] > git show --textconv :Dendron/notes/areas.PowerBI.md [13ms]
[2022-09-27T10:59:32.403Z] > git ls-files --stage -- /home/masi/Dendron/notes/areas.PowerBI.md [2ms]
[2022-09-27T10:59:34.513Z] > git status -z -uall [45ms]
[2022-09-27T10:59:34.529Z] > git symbolic-ref --short HEAD [3ms]
[2022-09-27T10:59:34.550Z] > git for-each-ref --format=%(refname)%00%(upstream:short)%00%(objectname)%00%(upstream:track)%00%(upstream:remotename)%00%(upstream:remoteref) refs/heads/master refs/remotes/master [3ms]
[2022-09-27T10:59:34.582Z] > git for-each-ref --sort -committerdate --format %(refname) %(objectname) %(*objectname) [19ms]
[2022-09-27T10:59:34.585Z] > git remote --verbose [4ms]
[2022-09-27T10:59:34.696Z] > git config --get commit.template [3ms]
[2022-09-27T10:59:36.178Z] > git check-ignore -v -z --stdin [12ms]
[2022-09-27T10:59:36.790Z] > git check-ignore -v -z --stdin [3ms]
